# JRE version: Java(TM) SE Runtime Environment (8.0_131-b11) (build 1.8.0_131-b11)
# Java VM: Java HotSpot(TM) 64-Bit Server VM (25.131-b11 mixed mode windows-amd64 compressed oops)
Heap:
 PSYoungGen      total 211456K, used 70450K [0x00000000e0000000, 0x00000000f2500000, 0x0000000100000000)
  eden space 193024K, 36% used [0x00000000e0000000,0x00000000e44ccbd0,0x00000000ebc80000)
  from space 18432K, 0% used [0x00000000ebc80000,0x00000000ebc80000,0x00000000ece80000)
  to   space 20480K, 0% used [0x00000000f1100000,0x00000000f1100000,0x00000000f2500000)
 ParOldGen       total 78336K, used 54368K [0x00000000a0000000, 0x00000000a4c80000, 0x00000000e0000000)
  object space 78336K, 69% used [0x00000000a0000000,0x00000000a3518228,0x00000000a4c80000)
 Metaspace       used 57680K, capacity 61812K, committed 62080K, reserved 1101824K
  class space    used 8235K, capacity 9067K, committed 9088K, reserved 1048576K
GC Heap History (10 events):
Event: 11.772 GC heap before
{Heap before GC invocations=12 (full 2):
 PSYoungGen      total 120320K, used 108032K [0x00000000e0000000, 0x00000000eb280000, 0x0000000100000000)
  eden space 108032K, 100% used [0x00000000e0000000,0x00000000e6980000,0x00000000e6980000)
  from space 12288K, 0% used [0x00000000e6980000,0x00000000e6980000,0x00000000e7580000)
  to   space 11776K, 0% used [0x00000000ea700000,0x00000000ea700000,0x00000000eb280000)
 ParOldGen       total 78336K, used 13907K [0x00000000a0000000, 0x00000000a4c80000, 0x00000000e0000000)
  object space 78336K, 17% used [0x00000000a0000000,0x00000000a0d94d18,0x00000000a4c80000)
 Metaspace       used 41351K, capacity 42208K, committed 42368K, reserved 1085440K
  class space    used 5749K, capacity 5988K, committed 6016K, reserved 1048576K
Event: 11.781 GC heap after
Heap after GC invocations=12 (full 2):
 PSYoungGen      total 156160K, used 8959K [0x00000000e0000000, 0x00000000eb000000, 0x0000000100000000)
  eden space 146944K, 0% used [0x00000000e0000000,0x00000000e0000000,0x00000000e8f80000)
  from space 9216K, 97% used [0x00000000ea700000,0x00000000eafbfcf8,0x00000000eb000000)
  to   space 12288K, 0% used [0x00000000e9800000,0x00000000e9800000,0x00000000ea400000)
 ParOldGen       total 78336K, used 13915K [0x00000000a0000000, 0x00000000a4c80000, 0x00000000e0000000)
  object space 78336K, 17% used [0x00000000a0000000,0x00000000a0d96d18,0x00000000a4c80000)
 Metaspace       used 41351K, capacity 42208K, committed 42368K, reserved 1085440K
  class space    used 5749K, capacity 5988K, committed 6016K, reserved 1048576K
}
Event: 13.297 GC heap before
{Heap before GC invocations=13 (full 2):
 PSYoungGen      total 156160K, used 155903K [0x00000000e0000000, 0x00000000eb000000, 0x0000000100000000)
  eden space 146944K, 100% used [0x00000000e0000000,0x00000000e8f80000,0x00000000e8f80000)
  from space 9216K, 97% used [0x00000000ea700000,0x00000000eafbfcf8,0x00000000eb000000)
  to   space 12288K, 0% used [0x00000000e9800000,0x00000000e9800000,0x00000000ea400000)
 ParOldGen       total 78336K, used 13915K [0x00000000a0000000, 0x00000000a4c80000, 0x00000000e0000000)
  object space 78336K, 17% used [0x00000000a0000000,0x00000000a0d96d18,0x00000000a4c80000)
 Metaspace       used 45441K, capacity 47036K, committed 47232K, reserved 1089536K
  class space    used 6361K, capacity 6699K, committed 6784K, reserved 1048576K
Event: 13.316 GC heap after
Heap after GC invocations=13 (full 2):
 PSYoungGen      total 167936K, used 10962K [0x00000000e0000000, 0x00000000edb00000, 0x0000000100000000)
  eden space 155648K, 0% used [0x00000000e0000000,0x00000000e0000000,0x00000000e9800000)
  from space 12288K, 89% used [0x00000000e9800000,0x00000000ea2b49c0,0x00000000ea400000)
  to   space 12800K, 0% used [0x00000000ece80000,0x00000000ece80000,0x00000000edb00000)
 ParOldGen       total 78336K, used 18384K [0x00000000a0000000, 0x00000000a4c80000, 0x00000000e0000000)
  object space 78336K, 23% used [0x00000000a0000000,0x00000000a11f43f8,0x00000000a4c80000)
 Metaspace       used 45441K, capacity 47036K, committed 47232K, reserved 1089536K
  class space    used 6361K, capacity 6699K, committed 6784K, reserved 1048576K
}
Event: 15.925 GC heap before
{Heap before GC invocations=14 (full 2):
 PSYoungGen      total 167936K, used 166610K [0x00000000e0000000, 0x00000000edb00000, 0x0000000100000000)
  eden space 155648K, 99% used [0x00000000e0000000,0x00000000e97fff80,0x00000000e9800000)
  from space 12288K, 89% used [0x00000000e9800000,0x00000000ea2b49c0,0x00000000ea400000)
  to   space 12800K, 0% used [0x00000000ece80000,0x00000000ece80000,0x00000000edb00000)
 ParOldGen       total 78336K, used 18384K [0x00000000a0000000, 0x00000000a4c80000, 0x00000000e0000000)
  object space 78336K, 23% used [0x00000000a0000000,0x00000000a11f43f8,0x00000000a4c80000)
 Metaspace       used 51370K, capacity 53828K, committed 53888K, reserved 1095680K
  class space    used 7308K, capacity 7793K, committed 7808K, reserved 1048576K
Event: 15.946 GC heap after
Heap after GC invocations=14 (full 2):
 PSYoungGen      total 205824K, used 12786K [0x00000000e0000000, 0x00000000eef00000, 0x0000000100000000)
  eden space 193024K, 0% used [0x00000000e0000000,0x00000000e0000000,0x00000000ebc80000)
  from space 12800K, 99% used [0x00000000ece80000,0x00000000edafca18,0x00000000edb00000)
  to   space 18432K, 0% used [0x00000000ebc80000,0x00000000ebc80000,0x00000000ece80000)
 ParOldGen       total 78336K, used 29256K [0x00000000a0000000, 0x00000000a4c80000, 0x00000000e0000000)
  object space 78336K, 37% used [0x00000000a0000000,0x00000000a1c92300,0x00000000a4c80000)
 Metaspace       used 51370K, capacity 53828K, committed 53888K, reserved 1095680K
  class space    used 7308K, capacity 7793K, committed 7808K, reserved 1048576K
}
Event: 18.661 GC heap before
{Heap before GC invocations=15 (full 2):
 PSYoungGen      total 205824K, used 181814K [0x00000000e0000000, 0x00000000eef00000, 0x0000000100000000)
  eden space 193024K, 87% used [0x00000000e0000000,0x00000000ea510f48,0x00000000ebc80000)
  from space 12800K, 99% used [0x00000000ece80000,0x00000000edafca18,0x00000000edb00000)
  to   space 18432K, 0% used [0x00000000ebc80000,0x00000000ebc80000,0x00000000ece80000)
 ParOldGen       total 78336K, used 29256K [0x00000000a0000000, 0x00000000a4c80000, 0x00000000e0000000)
  object space 78336K, 37% used [0x00000000a0000000,0x00000000a1c92300,0x00000000a4c80000)
 Metaspace       used 55293K, capacity 59044K, committed 59096K, reserved 1099776K
  class space    used 7844K, capacity 8545K, committed 8576K, reserved 1048576K
Event: 18.704 GC heap after
Heap after GC invocations=15 (full 2):
 PSYoungGen      total 211456K, used 17919K [0x00000000e0000000, 0x00000000f2500000, 0x0000000100000000)
  eden space 193024K, 0% used [0x00000000e0000000,0x00000000e0000000,0x00000000ebc80000)
  from space 18432K, 97% used [0x00000000ebc80000,0x00000000ecdffda8,0x00000000ece80000)
  to   space 20480K, 0% used [0x00000000f1100000,0x00000000f1100000,0x00000000f2500000)
 ParOldGen       total 78336K, used 41309K [0x00000000a0000000, 0x00000000a4c80000, 0x00000000e0000000)
  object space 78336K, 52% used [0x00000000a0000000,0x00000000a28575c0,0x00000000a4c80000)
 Metaspace       used 55293K, capacity 59044K, committed 59096K, reserved 1099776K
  class space    used 7844K, capacity 8545K, committed 8576K, reserved 1048576K
}
Event: 18.704 GC heap before
{Heap before GC invocations=16 (full 3):
 PSYoungGen      total 211456K, used 17919K [0x00000000e0000000, 0x00000000f2500000, 0x0000000100000000)
  eden space 193024K, 0% used [0x00000000e0000000,0x00000000e0000000,0x00000000ebc80000)
  from space 18432K, 97% used [0x00000000ebc80000,0x00000000ecdffda8,0x00000000ece80000)
  to   space 20480K, 0% used [0x00000000f1100000,0x00000000f1100000,0x00000000f2500000)
 ParOldGen       total 78336K, used 41309K [0x00000000a0000000, 0x00000000a4c80000, 0x00000000e0000000)
  object space 78336K, 52% used [0x00000000a0000000,0x00000000a28575c0,0x00000000a4c80000)
 Metaspace       used 55293K, capacity 59044K, committed 59096K, reserved 1099776K
  class space    used 7844K, capacity 8545K, committed 8576K, reserved 1048576K
Event: 19.041 GC heap after
Heap after GC invocations=16 (full 3):
 PSYoungGen      total 211456K, used 0K [0x00000000e0000000, 0x00000000f2500000, 0x0000000100000000)
  eden space 193024K, 0% used [0x00000000e0000000,0x00000000e0000000,0x00000000ebc80000)
  from space 18432K, 0% used [0x00000000ebc80000,0x00000000ebc80000,0x00000000ece80000)
  to   space 20480K, 0% used [0x00000000f1100000,0x00000000f1100000,0x00000000f2500000)
 ParOldGen       total 78336K, used 54368K [0x00000000a0000000, 0x00000000a4c80000, 0x00000000e0000000)
  object space 78336K, 69% used [0x00000000a0000000,0x00000000a3518228,0x00000000a4c80000)
 Metaspace       used 55273K, capacity 58978K, committed 59096K, reserved 1099776K
  class space    used 7838K, capacity 8534K, committed 8576K, reserved 1048576K
}

