# JRE version: Java(TM) SE Runtime Environment (8.0_131-b11) (build 1.8.0_131-b11)
# Java VM: Java HotSpot(TM) 64-Bit Server VM (25.131-b11 mixed mode windows-amd64 compressed oops)
Heap:
 PSYoungGen      total 197120K, used 142561K [0x00000000e0000000, 0x00000000ee800000, 0x0000000100000000)
  eden space 179200K, 69% used [0x00000000e0000000,0x00000000e79baaf0,0x00000000eaf00000)
  from space 17920K, 99% used [0x00000000ec780000,0x00000000ed8fdac8,0x00000000ed900000)
  to   space 25088K, 0% used [0x00000000eaf00000,0x00000000eaf00000,0x00000000ec780000)
 ParOldGen       total 105472K, used 33503K [0x00000000a0000000, 0x00000000a6700000, 0x00000000e0000000)
  object space 105472K, 31% used [0x00000000a0000000,0x00000000a20b7ef0,0x00000000a6700000)
 Metaspace       used 54387K, capacity 58152K, committed 58368K, reserved 1099776K
  class space    used 7763K, capacity 8445K, committed 8448K, reserved 1048576K
GC Heap History (10 events):
Event: 5.545 GC heap before
{Heap before GC invocations=8 (full 1):
 PSYoungGen      total 112128K, used 94972K [0x00000000e0000000, 0x00000000e9800000, 0x0000000100000000)
  eden space 102400K, 83% used [0x00000000e0000000,0x00000000e53b18d0,0x00000000e6400000)
  from space 9728K, 95% used [0x00000000e8e80000,0x00000000e978da68,0x00000000e9800000)
  to   space 13312K, 0% used [0x00000000e7e00000,0x00000000e7e00000,0x00000000e8b00000)
 ParOldGen       total 67584K, used 11587K [0x00000000a0000000, 0x00000000a4200000, 0x00000000e0000000)
  object space 67584K, 17% used [0x00000000a0000000,0x00000000a0b50cb0,0x00000000a4200000)
 Metaspace       used 34501K, capacity 35156K, committed 35456K, reserved 1079296K
  class space    used 4664K, capacity 4880K, committed 4992K, reserved 1048576K
Event: 5.563 GC heap after
Heap after GC invocations=8 (full 1):
 PSYoungGen      total 142336K, used 11103K [0x00000000e0000000, 0x00000000eb600000, 0x0000000100000000)
  eden space 129024K, 0% used [0x00000000e0000000,0x00000000e0000000,0x00000000e7e00000)
  from space 13312K, 83% used [0x00000000e7e00000,0x00000000e88d7d20,0x00000000e8b00000)
  to   space 14336K, 0% used [0x00000000ea800000,0x00000000ea800000,0x00000000eb600000)
 ParOldGen       total 67584K, used 11595K [0x00000000a0000000, 0x00000000a4200000, 0x00000000e0000000)
  object space 67584K, 17% used [0x00000000a0000000,0x00000000a0b52cb0,0x00000000a4200000)
 Metaspace       used 34501K, capacity 35156K, committed 35456K, reserved 1079296K
  class space    used 4664K, capacity 4880K, committed 4992K, reserved 1048576K
}
Event: 5.563 GC heap before
{Heap before GC invocations=9 (full 2):
 PSYoungGen      total 142336K, used 11103K [0x00000000e0000000, 0x00000000eb600000, 0x0000000100000000)
  eden space 129024K, 0% used [0x00000000e0000000,0x00000000e0000000,0x00000000e7e00000)
  from space 13312K, 83% used [0x00000000e7e00000,0x00000000e88d7d20,0x00000000e8b00000)
  to   space 14336K, 0% used [0x00000000ea800000,0x00000000ea800000,0x00000000eb600000)
 ParOldGen       total 67584K, used 11595K [0x00000000a0000000, 0x00000000a4200000, 0x00000000e0000000)
  object space 67584K, 17% used [0x00000000a0000000,0x00000000a0b52cb0,0x00000000a4200000)
 Metaspace       used 34501K, capacity 35156K, committed 35456K, reserved 1079296K
  class space    used 4664K, capacity 4880K, committed 4992K, reserved 1048576K
Event: 5.660 GC heap after
Heap after GC invocations=9 (full 2):
 PSYoungGen      total 142336K, used 0K [0x00000000e0000000, 0x00000000eb600000, 0x0000000100000000)
  eden space 129024K, 0% used [0x00000000e0000000,0x00000000e0000000,0x00000000e7e00000)
  from space 13312K, 0% used [0x00000000e7e00000,0x00000000e7e00000,0x00000000e8b00000)
  to   space 14336K, 0% used [0x00000000ea800000,0x00000000ea800000,0x00000000eb600000)
 ParOldGen       total 105472K, used 17235K [0x00000000a0000000, 0x00000000a6700000, 0x00000000e0000000)
  object space 105472K, 16% used [0x00000000a0000000,0x00000000a10d4c20,0x00000000a6700000)
 Metaspace       used 34418K, capacity 35024K, committed 35456K, reserved 1079296K
  class space    used 4645K, capacity 4836K, committed 4992K, reserved 1048576K
}
Event: 7.067 GC heap before
{Heap before GC invocations=10 (full 2):
 PSYoungGen      total 142336K, used 129024K [0x00000000e0000000, 0x00000000eb600000, 0x0000000100000000)
  eden space 129024K, 100% used [0x00000000e0000000,0x00000000e7e00000,0x00000000e7e00000)
  from space 13312K, 0% used [0x00000000e7e00000,0x00000000e7e00000,0x00000000e8b00000)
  to   space 14336K, 0% used [0x00000000ea800000,0x00000000ea800000,0x00000000eb600000)
 ParOldGen       total 105472K, used 17235K [0x00000000a0000000, 0x00000000a6700000, 0x00000000e0000000)
  object space 105472K, 16% used [0x00000000a0000000,0x00000000a10d4c20,0x00000000a6700000)
 Metaspace       used 42144K, capacity 43096K, committed 43264K, reserved 1087488K
  class space    used 5876K, capacity 6128K, committed 6144K, reserved 1048576K
Event: 7.077 GC heap after
Heap after GC invocations=10 (full 2):
 PSYoungGen      total 171520K, used 10252K [0x00000000e0000000, 0x00000000ec280000, 0x0000000100000000)
  eden space 157184K, 0% used [0x00000000e0000000,0x00000000e0000000,0x00000000e9980000)
  from space 14336K, 71% used [0x00000000ea800000,0x00000000eb2030b0,0x00000000eb600000)
  to   space 14848K, 0% used [0x00000000e9980000,0x00000000e9980000,0x00000000ea800000)
 ParOldGen       total 105472K, used 17243K [0x00000000a0000000, 0x00000000a6700000, 0x00000000e0000000)
  object space 105472K, 16% used [0x00000000a0000000,0x00000000a10d6c20,0x00000000a6700000)
 Metaspace       used 42144K, capacity 43096K, committed 43264K, reserved 1087488K
  class space    used 5876K, capacity 6128K, committed 6144K, reserved 1048576K
}
Event: 9.060 GC heap before
{Heap before GC invocations=11 (full 2):
 PSYoungGen      total 171520K, used 167436K [0x00000000e0000000, 0x00000000ec280000, 0x0000000100000000)
  eden space 157184K, 100% used [0x00000000e0000000,0x00000000e9980000,0x00000000e9980000)
  from space 14336K, 71% used [0x00000000ea800000,0x00000000eb2030b0,0x00000000eb600000)
  to   space 14848K, 0% used [0x00000000e9980000,0x00000000e9980000,0x00000000ea800000)
 ParOldGen       total 105472K, used 17243K [0x00000000a0000000, 0x00000000a6700000, 0x00000000e0000000)
  object space 105472K, 16% used [0x00000000a0000000,0x00000000a10d6c20,0x00000000a6700000)
 Metaspace       used 47444K, capacity 49060K, committed 49280K, reserved 1091584K
  class space    used 6654K, capacity 7026K, committed 7040K, reserved 1048576K
Event: 9.081 GC heap after
Heap after GC invocations=11 (full 2):
 PSYoungGen      total 172032K, used 14836K [0x00000000e0000000, 0x00000000ed900000, 0x0000000100000000)
  eden space 157184K, 0% used [0x00000000e0000000,0x00000000e0000000,0x00000000e9980000)
  from space 14848K, 99% used [0x00000000e9980000,0x00000000ea7fd288,0x00000000ea800000)
  to   space 17920K, 0% used [0x00000000ec780000,0x00000000ec780000,0x00000000ed900000)
 ParOldGen       total 105472K, used 20341K [0x00000000a0000000, 0x00000000a6700000, 0x00000000e0000000)
  object space 105472K, 19% used [0x00000000a0000000,0x00000000a13dd500,0x00000000a6700000)
 Metaspace       used 47444K, capacity 49060K, committed 49280K, reserved 1091584K
  class space    used 6654K, capacity 7026K, committed 7040K, reserved 1048576K
}
Event: 11.385 GC heap before
{Heap before GC invocations=12 (full 2):
 PSYoungGen      total 172032K, used 172020K [0x00000000e0000000, 0x00000000ed900000, 0x0000000100000000)
  eden space 157184K, 100% used [0x00000000e0000000,0x00000000e9980000,0x00000000e9980000)
  from space 14848K, 99% used [0x00000000e9980000,0x00000000ea7fd288,0x00000000ea800000)
  to   space 17920K, 0% used [0x00000000ec780000,0x00000000ec780000,0x00000000ed900000)
 ParOldGen       total 105472K, used 20341K [0x00000000a0000000, 0x00000000a6700000, 0x00000000e0000000)
  object space 105472K, 19% used [0x00000000a0000000,0x00000000a13dd500,0x00000000a6700000)
 Metaspace       used 51912K, capacity 54708K, committed 54784K, reserved 1095680K
  class space    used 7356K, capacity 7885K, committed 7936K, reserved 1048576K
Event: 11.419 GC heap after
Heap after GC invocations=12 (full 2):
 PSYoungGen      total 197120K, used 17910K [0x00000000e0000000, 0x00000000ee800000, 0x0000000100000000)
  eden space 179200K, 0% used [0x00000000e0000000,0x00000000e0000000,0x00000000eaf00000)
  from space 17920K, 99% used [0x00000000ec780000,0x00000000ed8fdac8,0x00000000ed900000)
  to   space 25088K, 0% used [0x00000000eaf00000,0x00000000eaf00000,0x00000000ec780000)
 ParOldGen       total 105472K, used 33503K [0x00000000a0000000, 0x00000000a6700000, 0x00000000e0000000)
  object space 105472K, 31% used [0x00000000a0000000,0x00000000a20b7ef0,0x00000000a6700000)
 Metaspace       used 51912K, capacity 54708K, committed 54784K, reserved 1095680K
  class space    used 7356K, capacity 7885K, committed 7936K, reserved 1048576K
}

