# JRE version: Java(TM) SE Runtime Environment (8.0_131-b11) (build 1.8.0_131-b11)
# Java VM: Java HotSpot(TM) 64-Bit Server VM (25.131-b11 mixed mode windows-amd64 compressed oops)
Heap:
 PSYoungGen      total 188416K, used 166559K [0x00000000e0000000, 0x00000000edb80000, 0x0000000100000000)
  eden space 171520K, 87% used [0x00000000e0000000,0x00000000e922a4c8,0x00000000ea780000)
  from space 16896K, 99% used [0x00000000ebe80000,0x00000000ecefdac8,0x00000000ecf00000)
  to   space 23552K, 0% used [0x00000000ea780000,0x00000000ea780000,0x00000000ebe80000)
 ParOldGen       total 105472K, used 30640K [0x00000000a0000000, 0x00000000a6700000, 0x00000000e0000000)
  object space 105472K, 29% used [0x00000000a0000000,0x00000000a1dec030,0x00000000a6700000)
 Metaspace       used 54429K, capacity 58180K, committed 58496K, reserved 1099776K
  class space    used 7764K, capacity 8449K, committed 8576K, reserved 1048576K
GC Heap History (10 events):
Event: 4.691 GC heap before
{Heap before GC invocations=8 (full 1):
 PSYoungGen      total 107520K, used 95765K [0x00000000e0000000, 0x00000000e9780000, 0x0000000100000000)
  eden space 98304K, 88% used [0x00000000e0000000,0x00000000e5490848,0x00000000e6000000)
  from space 9216K, 99% used [0x00000000e8e80000,0x00000000e9774bc8,0x00000000e9780000)
  to   space 13312K, 0% used [0x00000000e7d80000,0x00000000e7d80000,0x00000000e8a80000)
 ParOldGen       total 68608K, used 11586K [0x00000000a0000000, 0x00000000a4300000, 0x00000000e0000000)
  object space 68608K, 16% used [0x00000000a0000000,0x00000000a0b50a70,0x00000000a4300000)
 Metaspace       used 34578K, capacity 35156K, committed 35456K, reserved 1079296K
  class space    used 4678K, capacity 4880K, committed 4992K, reserved 1048576K
Event: 4.705 GC heap after
Heap after GC invocations=8 (full 1):
 PSYoungGen      total 141824K, used 11419K [0x00000000e0000000, 0x00000000ea980000, 0x0000000100000000)
  eden space 128512K, 0% used [0x00000000e0000000,0x00000000e0000000,0x00000000e7d80000)
  from space 13312K, 85% used [0x00000000e7d80000,0x00000000e88a6ec8,0x00000000e8a80000)
  to   space 14336K, 0% used [0x00000000e9b80000,0x00000000e9b80000,0x00000000ea980000)
 ParOldGen       total 68608K, used 11594K [0x00000000a0000000, 0x00000000a4300000, 0x00000000e0000000)
  object space 68608K, 16% used [0x00000000a0000000,0x00000000a0b52a70,0x00000000a4300000)
 Metaspace       used 34578K, capacity 35156K, committed 35456K, reserved 1079296K
  class space    used 4678K, capacity 4880K, committed 4992K, reserved 1048576K
}
Event: 4.705 GC heap before
{Heap before GC invocations=9 (full 2):
 PSYoungGen      total 141824K, used 11419K [0x00000000e0000000, 0x00000000ea980000, 0x0000000100000000)
  eden space 128512K, 0% used [0x00000000e0000000,0x00000000e0000000,0x00000000e7d80000)
  from space 13312K, 85% used [0x00000000e7d80000,0x00000000e88a6ec8,0x00000000e8a80000)
  to   space 14336K, 0% used [0x00000000e9b80000,0x00000000e9b80000,0x00000000ea980000)
 ParOldGen       total 68608K, used 11594K [0x00000000a0000000, 0x00000000a4300000, 0x00000000e0000000)
  object space 68608K, 16% used [0x00000000a0000000,0x00000000a0b52a70,0x00000000a4300000)
 Metaspace       used 34578K, capacity 35156K, committed 35456K, reserved 1079296K
  class space    used 4678K, capacity 4880K, committed 4992K, reserved 1048576K
Event: 4.768 GC heap after
Heap after GC invocations=9 (full 2):
 PSYoungGen      total 141824K, used 0K [0x00000000e0000000, 0x00000000ea980000, 0x0000000100000000)
  eden space 128512K, 0% used [0x00000000e0000000,0x00000000e0000000,0x00000000e7d80000)
  from space 13312K, 0% used [0x00000000e7d80000,0x00000000e7d80000,0x00000000e8a80000)
  to   space 14336K, 0% used [0x00000000e9b80000,0x00000000e9b80000,0x00000000ea980000)
 ParOldGen       total 105472K, used 17461K [0x00000000a0000000, 0x00000000a6700000, 0x00000000e0000000)
  object space 105472K, 16% used [0x00000000a0000000,0x00000000a110d4d0,0x00000000a6700000)
 Metaspace       used 34495K, capacity 35024K, committed 35456K, reserved 1079296K
  class space    used 4659K, capacity 4836K, committed 4992K, reserved 1048576K
}
Event: 6.162 GC heap before
{Heap before GC invocations=10 (full 2):
 PSYoungGen      total 141824K, used 128512K [0x00000000e0000000, 0x00000000ea980000, 0x0000000100000000)
  eden space 128512K, 100% used [0x00000000e0000000,0x00000000e7d80000,0x00000000e7d80000)
  from space 13312K, 0% used [0x00000000e7d80000,0x00000000e7d80000,0x00000000e8a80000)
  to   space 14336K, 0% used [0x00000000e9b80000,0x00000000e9b80000,0x00000000ea980000)
 ParOldGen       total 105472K, used 17461K [0x00000000a0000000, 0x00000000a6700000, 0x00000000e0000000)
  object space 105472K, 16% used [0x00000000a0000000,0x00000000a110d4d0,0x00000000a6700000)
 Metaspace       used 42141K, capacity 43096K, committed 43264K, reserved 1087488K
  class space    used 5877K, capacity 6128K, committed 6144K, reserved 1048576K
Event: 6.172 GC heap after
Heap after GC invocations=10 (full 2):
 PSYoungGen      total 158720K, used 10009K [0x00000000e0000000, 0x00000000ec600000, 0x0000000100000000)
  eden space 144384K, 0% used [0x00000000e0000000,0x00000000e0000000,0x00000000e8d00000)
  from space 14336K, 69% used [0x00000000e9b80000,0x00000000ea546440,0x00000000ea980000)
  to   space 14848K, 0% used [0x00000000e8d00000,0x00000000e8d00000,0x00000000e9b80000)
 ParOldGen       total 105472K, used 17469K [0x00000000a0000000, 0x00000000a6700000, 0x00000000e0000000)
  object space 105472K, 16% used [0x00000000a0000000,0x00000000a110f4d0,0x00000000a6700000)
 Metaspace       used 42141K, capacity 43096K, committed 43264K, reserved 1087488K
  class space    used 5877K, capacity 6128K, committed 6144K, reserved 1048576K
}
Event: 7.695 GC heap before
{Heap before GC invocations=11 (full 2):
 PSYoungGen      total 158720K, used 154393K [0x00000000e0000000, 0x00000000ec600000, 0x0000000100000000)
  eden space 144384K, 100% used [0x00000000e0000000,0x00000000e8d00000,0x00000000e8d00000)
  from space 14336K, 69% used [0x00000000e9b80000,0x00000000ea546440,0x00000000ea980000)
  to   space 14848K, 0% used [0x00000000e8d00000,0x00000000e8d00000,0x00000000e9b80000)
 ParOldGen       total 105472K, used 17469K [0x00000000a0000000, 0x00000000a6700000, 0x00000000e0000000)
  object space 105472K, 16% used [0x00000000a0000000,0x00000000a110f4d0,0x00000000a6700000)
 Metaspace       used 46096K, capacity 47716K, committed 47872K, reserved 1089536K
  class space    used 6481K, capacity 6834K, committed 6912K, reserved 1048576K
Event: 7.728 GC heap after
Heap after GC invocations=11 (full 2):
 PSYoungGen      total 159232K, used 14830K [0x00000000e0000000, 0x00000000ecf00000, 0x0000000100000000)
  eden space 144384K, 0% used [0x00000000e0000000,0x00000000e0000000,0x00000000e8d00000)
  from space 14848K, 99% used [0x00000000e8d00000,0x00000000e9b7b8d8,0x00000000e9b80000)
  to   space 16896K, 0% used [0x00000000ebe80000,0x00000000ebe80000,0x00000000ecf00000)
 ParOldGen       total 105472K, used 18473K [0x00000000a0000000, 0x00000000a6700000, 0x00000000e0000000)
  object space 105472K, 17% used [0x00000000a0000000,0x00000000a120a550,0x00000000a6700000)
 Metaspace       used 46096K, capacity 47716K, committed 47872K, reserved 1089536K
  class space    used 6481K, capacity 6834K, committed 6912K, reserved 1048576K
}
Event: 9.721 GC heap before
{Heap before GC invocations=12 (full 2):
 PSYoungGen      total 159232K, used 159214K [0x00000000e0000000, 0x00000000ecf00000, 0x0000000100000000)
  eden space 144384K, 100% used [0x00000000e0000000,0x00000000e8d00000,0x00000000e8d00000)
  from space 14848K, 99% used [0x00000000e8d00000,0x00000000e9b7b8d8,0x00000000e9b80000)
  to   space 16896K, 0% used [0x00000000ebe80000,0x00000000ebe80000,0x00000000ecf00000)
 ParOldGen       total 105472K, used 18473K [0x00000000a0000000, 0x00000000a6700000, 0x00000000e0000000)
  object space 105472K, 17% used [0x00000000a0000000,0x00000000a120a550,0x00000000a6700000)
 Metaspace       used 51514K, capacity 54086K, committed 54272K, reserved 1095680K
  class space    used 7315K, capacity 7814K, committed 7936K, reserved 1048576K
Event: 9.748 GC heap after
Heap after GC invocations=12 (full 2):
 PSYoungGen      total 188416K, used 16886K [0x00000000e0000000, 0x00000000edb80000, 0x0000000100000000)
  eden space 171520K, 0% used [0x00000000e0000000,0x00000000e0000000,0x00000000ea780000)
  from space 16896K, 99% used [0x00000000ebe80000,0x00000000ecefdac8,0x00000000ecf00000)
  to   space 23552K, 0% used [0x00000000ea780000,0x00000000ea780000,0x00000000ebe80000)
 ParOldGen       total 105472K, used 30640K [0x00000000a0000000, 0x00000000a6700000, 0x00000000e0000000)
  object space 105472K, 29% used [0x00000000a0000000,0x00000000a1dec030,0x00000000a6700000)
 Metaspace       used 51514K, capacity 54086K, committed 54272K, reserved 1095680K
  class space    used 7315K, capacity 7814K, committed 7936K, reserved 1048576K
}

